[1007/170556.130:ERROR:audio_rtp_receiver.cc(89)] AudioRtpReceiver::OnSetVolume: No audio channel exists.
[1007/170556.131:WARNING:used_ids.h(55)] Duplicate id found. Reassigning from 104 to 127
[1007/170556.131:WARNING:used_ids.h(55)] Duplicate id found. Reassigning from 102 to 125
[1007/170556.131:WARNING:used_ids.h(55)] Duplicate id found. Reassigning from 104 to 124
[1007/170556.131:WARNING:used_ids.h(55)] Duplicate id found. Reassigning from 106 to 123
[1007/170556.131:WARNING:used_ids.h(55)] Duplicate id found. Reassigning from 103 to 122
[1007/170556.131:WARNING:used_ids.h(55)] Duplicate id found. Reassigning from 105 to 121
[1007/170556.132:WARNING:used_ids.h(55)] Duplicate id found. Reassigning from 109 to 120
[1007/170556.133:WARNING:used_ids.h(55)] Duplicate id found. Reassigning from 1 to 14
[1007/170556.133:WARNING:used_ids.h(55)] Duplicate id found. Reassigning from 3 to 13
[1007/170556.133:WARNING:used_ids.h(55)] Duplicate id found. Reassigning from 5 to 12
[1007/170556.134:WARNING:used_ids.h(55)] Duplicate id found. Reassigning from 6 to 11
[1007/170627.552:ERROR:audio_rtp_receiver.cc(89)] AudioRtpReceiver::OnSetVolume: No audio channel exists.
[1007/170627.553:WARNING:used_ids.h(55)] Duplicate id found. Reassigning from 104 to 127
[1007/170627.553:WARNING:used_ids.h(55)] Duplicate id found. Reassigning from 102 to 125
[1007/170627.553:WARNING:used_ids.h(55)] Duplicate id found. Reassigning from 104 to 124
[1007/170627.553:WARNING:used_ids.h(55)] Duplicate id found. Reassigning from 106 to 123
[1007/170627.553:WARNING:used_ids.h(55)] Duplicate id found. Reassigning from 103 to 122
[1007/170627.553:WARNING:used_ids.h(55)] Duplicate id found. Reassigning from 105 to 121
[1007/170627.553:WARNING:used_ids.h(55)] Duplicate id found. Reassigning from 109 to 120
[1007/170627.553:WARNING:used_ids.h(55)] Duplicate id found. Reassigning from 1 to 14
[1007/170627.553:WARNING:used_ids.h(55)] Duplicate id found. Reassigning from 3 to 13
[1007/170627.553:WARNING:used_ids.h(55)] Duplicate id found. Reassigning from 5 to 12
[1007/170627.553:WARNING:used_ids.h(55)] Duplicate id found. Reassigning from 6 to 11
[1007/170642.946:WARNING:used_ids.h(55)] Duplicate id found. Reassigning from 104 to 127
[1007/170642.946:WARNING:used_ids.h(55)] Duplicate id found. Reassigning from 102 to 125
[1007/170642.946:WARNING:used_ids.h(55)] Duplicate id found. Reassigning from 104 to 124
[1007/170642.946:WARNING:used_ids.h(55)] Duplicate id found. Reassigning from 106 to 123
[1007/170642.946:WARNING:used_ids.h(55)] Duplicate id found. Reassigning from 103 to 122
[1007/170642.946:WARNING:used_ids.h(55)] Duplicate id found. Reassigning from 105 to 121
[1007/170642.946:WARNING:used_ids.h(55)] Duplicate id found. Reassigning from 109 to 120
[1007/170642.946:WARNING:used_ids.h(55)] Duplicate id found. Reassigning from 1 to 14
[1007/170642.946:WARNING:used_ids.h(55)] Duplicate id found. Reassigning from 3 to 13
[1007/170642.946:WARNING:used_ids.h(55)] Duplicate id found. Reassigning from 5 to 12
[1007/170642.947:WARNING:used_ids.h(55)] Duplicate id found. Reassigning from 6 to 11
[1007/170642.947:ERROR:audio_rtp_receiver.cc(89)] AudioRtpReceiver::OnSetVolume: No audio channel exists.
[1007/170653.850:ERROR:audio_rtp_receiver.cc(89)] AudioRtpReceiver::OnSetVolume: No audio channel exists.
[1007/170653.851:WARNING:used_ids.h(55)] Duplicate id found. Reassigning from 104 to 127
[1007/170653.851:WARNING:used_ids.h(55)] Duplicate id found. Reassigning from 102 to 125
[1007/170653.851:WARNING:used_ids.h(55)] Duplicate id found. Reassigning from 104 to 124
[1007/170653.851:WARNING:used_ids.h(55)] Duplicate id found. Reassigning from 106 to 123
[1007/170653.851:WARNING:used_ids.h(55)] Duplicate id found. Reassigning from 103 to 122
[1007/170653.851:WARNING:used_ids.h(55)] Duplicate id found. Reassigning from 105 to 121
[1007/170653.851:WARNING:used_ids.h(55)] Duplicate id found. Reassigning from 109 to 120
[1007/170653.851:WARNING:used_ids.h(55)] Duplicate id found. Reassigning from 1 to 14
[1007/170653.851:WARNING:used_ids.h(55)] Duplicate id found. Reassigning from 3 to 13
[1007/170653.851:WARNING:used_ids.h(55)] Duplicate id found. Reassigning from 5 to 12
[1007/170653.851:WARNING:used_ids.h(55)] Duplicate id found. Reassigning from 6 to 11
[1007/170725.828:ERROR:audio_rtp_receiver.cc(89)] AudioRtpReceiver::OnSetVolume: No audio channel exists.
[1007/170725.828:WARNING:used_ids.h(55)] Duplicate id found. Reassigning from 104 to 127
[1007/170725.828:WARNING:used_ids.h(55)] Duplicate id found. Reassigning from 102 to 125
[1007/170725.828:WARNING:used_ids.h(55)] Duplicate id found. Reassigning from 104 to 124
[1007/170725.828:WARNING:used_ids.h(55)] Duplicate id found. Reassigning from 106 to 123
[1007/170725.829:WARNING:used_ids.h(55)] Duplicate id found. Reassigning from 103 to 122
[1007/170725.829:WARNING:used_ids.h(55)] Duplicate id found. Reassigning from 105 to 121
[1007/170725.829:WARNING:used_ids.h(55)] Duplicate id found. Reassigning from 109 to 120
[1007/170725.829:WARNING:used_ids.h(55)] Duplicate id found. Reassigning from 1 to 14
[1007/170725.829:WARNING:used_ids.h(55)] Duplicate id found. Reassigning from 3 to 13
[1007/170725.829:WARNING:used_ids.h(55)] Duplicate id found. Reassigning from 5 to 12
[1007/170725.829:WARNING:used_ids.h(55)] Duplicate id found. Reassigning from 6 to 11
[1007/170732.471:WARNING:used_ids.h(55)] Duplicate id found. Reassigning from 104 to 127
[1007/170732.471:WARNING:used_ids.h(55)] Duplicate id found. Reassigning from 102 to 125
[1007/170732.471:WARNING:used_ids.h(55)] Duplicate id found. Reassigning from 104 to 124
[1007/170732.471:WARNING:used_ids.h(55)] Duplicate id found. Reassigning from 106 to 123
[1007/170732.471:WARNING:used_ids.h(55)] Duplicate id found. Reassigning from 103 to 122
[1007/170732.471:WARNING:used_ids.h(55)] Duplicate id found. Reassigning from 105 to 121
[1007/170732.471:WARNING:used_ids.h(55)] Duplicate id found. Reassigning from 109 to 120
[1007/170732.471:WARNING:used_ids.h(55)] Duplicate id found. Reassigning from 1 to 14
[1007/170732.471:WARNING:used_ids.h(55)] Duplicate id found. Reassigning from 3 to 13
[1007/170732.471:WARNING:used_ids.h(55)] Duplicate id found. Reassigning from 5 to 12
[1007/170732.471:WARNING:used_ids.h(55)] Duplicate id found. Reassigning from 6 to 11
[1007/170732.473:ERROR:audio_rtp_receiver.cc(89)] AudioRtpReceiver::OnSetVolume: No audio channel exists.
[1007/170738.039:ERROR:shared_image_manager.cc(188)] SharedImageManager::ProduceGLTexturePassthrough: Trying to produce a representation from a non-existent mailbox.
[1007/170738.039:ERROR:gl_utils.cc(316)] [.DisplayCompositor] GL_INVALID_OPERATION: invalid mailbox name.
[1007/170738.039:ERROR:gl_utils.cc(316)] [.DisplayCompositor] GL_INVALID_OPERATION: texture is not a shared image
[1007/170738.042:ERROR:gl_utils.cc(316)] [.DisplayCompositor] GL_INVALID_OPERATION: texture is not a shared image
[1007/170738.042:ERROR:shared_image_manager.cc(188)] SharedImageManager::ProduceGLTexturePassthrough: Trying to produce a representation from a non-existent mailbox.
[1007/170738.042:ERROR:gl_utils.cc(316)] [.DisplayCompositor] GL_INVALID_OPERATION: invalid mailbox name.
[1007/170738.042:ERROR:gl_utils.cc(316)] [.DisplayCompositor] GL_INVALID_OPERATION: texture is not a shared image
[1007/170738.043:ERROR:gl_utils.cc(316)] [.DisplayCompositor] GL_INVALID_OPERATION: texture is not a shared image
[1007/170738.043:ERROR:shared_image_manager.cc(188)] SharedImageManager::ProduceGLTexturePassthrough: Trying to produce a representation from a non-existent mailbox.
[1007/170738.043:ERROR:gl_utils.cc(316)] [.DisplayCompositor] GL_INVALID_OPERATION: invalid mailbox name.
[1007/170738.043:ERROR:gl_utils.cc(316)] [.DisplayCompositor] GL_INVALID_OPERATION: texture is not a shared image
[1007/170738.043:ERROR:gl_utils.cc(316)] [.DisplayCompositor] GL_INVALID_OPERATION: texture is not a shared image
[1007/170738.043:ERROR:shared_image_manager.cc(188)] SharedImageManager::ProduceGLTexturePassthrough: Trying to produce a representation from a non-existent mailbox.
[1007/170738.043:ERROR:gl_utils.cc(316)] [.DisplayCompositor] GL_INVALID_OPERATION: invalid mailbox name.
[1007/170738.043:ERROR:gl_utils.cc(316)] [.DisplayCompositor] GL_INVALID_OPERATION: texture is not a shared image
[1007/170738.043:ERROR:gl_utils.cc(316)] [.DisplayCompositor] GL_INVALID_OPERATION: texture is not a shared image
[1007/170738.043:ERROR:shared_image_manager.cc(188)] SharedImageManager::ProduceGLTexturePassthrough: Trying to produce a representation from a non-existent mailbox.
[1007/170738.043:ERROR:gl_utils.cc(316)] [.DisplayCompositor] GL_INVALID_OPERATION: invalid mailbox name.
[1007/170738.043:ERROR:gl_utils.cc(316)] [.DisplayCompositor] GL_INVALID_OPERATION: texture is not a shared image
[1007/170738.047:ERROR:gl_utils.cc(316)] [.DisplayCompositor] GL_INVALID_OPERATION: texture is not a shared image
[1007/170738.047:ERROR:shared_image_manager.cc(188)] SharedImageManager::ProduceGLTexturePassthrough: Trying to produce a representation from a non-existent mailbox.
[1007/170738.047:ERROR:gl_utils.cc(316)] [.DisplayCompositor] GL_INVALID_OPERATION: invalid mailbox name.
[1007/170738.047:ERROR:gl_utils.cc(316)] [.DisplayCompositor] GL_INVALID_OPERATION: texture is not a shared image
[1007/170738.049:ERROR:gl_utils.cc(316)] [.DisplayCompositor] GL_INVALID_OPERATION: texture is not a shared image
[1007/170738.049:ERROR:shared_image_manager.cc(188)] SharedImageManager::ProduceGLTexturePassthrough: Trying to produce a representation from a non-existent mailbox.
[1007/170738.049:ERROR:gl_utils.cc(316)] [.DisplayCompositor] GL_INVALID_OPERATION: invalid mailbox name.
[1007/170738.050:ERROR:gl_utils.cc(316)] [.DisplayCompositor] GL_INVALID_OPERATION: texture is not a shared image
[1007/170738.050:ERROR:gl_utils.cc(316)] [.DisplayCompositor] GL_INVALID_OPERATION: texture is not a shared image
[1007/170744.416:ERROR:batching_media_log.cc(38)] MediaEvent: {"error":"FFmpegDemuxer: no supported streams"}
[1007/170744.417:ERROR:batching_media_log.cc(35)] MediaEvent: {"pipeline_error":14}
[1007/170744.458:ERROR:batching_media_log.cc(38)] MediaEvent: {"error":"FFmpegDemuxer: no supported streams"}
[1007/170744.458:ERROR:batching_media_log.cc(35)] MediaEvent: {"pipeline_error":14}
[1007/173012.769:ERROR:batching_media_log.cc(38)] MediaEvent: {"error":"FFmpegDemuxer: no supported streams"}
[1007/173012.772:ERROR:batching_media_log.cc(35)] MediaEvent: {"pipeline_error":14}
[1007/173012.775:ERROR:batching_media_log.cc(38)] MediaEvent: {"error":"FFmpegDemuxer: no supported streams"}
[1007/173012.775:ERROR:batching_media_log.cc(35)] MediaEvent: {"pipeline_error":14}
[1007/173012.798:WARNING:spdy_session.cc(3365)] Received HEADERS for invalid stream 43
[1007/173012.817:WARNING:spdy_session.cc(3365)] Received HEADERS for invalid stream 45
[1008/142909.287:ERROR:entry_impl.cc(998)] Failed to save user data
[1008/142912.463:ERROR:entry_impl.cc(998)] Failed to save user data
[1008/143132.495:ERROR:entry_impl.cc(998)] Failed to save user data
[1008/143150.873:WARNING:backend_impl.cc(1813)] Destroying invalid entry.
[1008/143629.752:WARNING:backend_impl.cc(1813)] Destroying invalid entry.
[1008/145702.626:ERROR:entry_impl.cc(998)] Failed to save user data
[1008/145702.776:ERROR:entry_impl.cc(998)] Failed to save user data
[1008/145702.823:ERROR:entry_impl.cc(998)] Failed to save user data
[1008/145702.825:ERROR:entry_impl.cc(998)] Failed to save user data
[1008/145702.830:ERROR:entry_impl.cc(998)] Failed to save user data
[1008/145702.893:ERROR:entry_impl.cc(998)] Failed to save user data
[1008/145703.385:ERROR:entry_impl.cc(998)] Failed to save user data
[1008/145703.730:ERROR:entry_impl.cc(998)] Failed to save user data
[1008/152319.886:WARNING:backend_impl.cc(1813)] Destroying invalid entry.
[1008/173422.755:WARNING:backend_impl.cc(1813)] Destroying invalid entry.
[1008/173422.767:WARNING:backend_impl.cc(1813)] Destroying invalid entry.
[1008/173422.767:WARNING:backend_impl.cc(1813)] Destroying invalid entry.
[1008/173422.793:WARNING:backend_impl.cc(1813)] Destroying invalid entry.
[1008/173422.794:WARNING:backend_impl.cc(1813)] Destroying invalid entry.
[1008/173422.795:WARNING:backend_impl.cc(1813)] Destroying invalid entry.
[1008/173422.864:WARNING:backend_impl.cc(1813)] Destroying invalid entry.
[1008/173422.866:WARNING:backend_impl.cc(1813)] Destroying invalid entry.
[1115/123020.768:ERROR:audio_rtp_receiver.cc(89)] AudioRtpReceiver::OnSetVolume: No audio channel exists.
[1115/123020.769:WARNING:used_ids.h(55)] Duplicate id found. Reassigning from 104 to 127
[1115/123020.769:WARNING:used_ids.h(55)] Duplicate id found. Reassigning from 102 to 125
[1115/123020.769:WARNING:used_ids.h(55)] Duplicate id found. Reassigning from 104 to 124
[1115/123020.769:WARNING:used_ids.h(55)] Duplicate id found. Reassigning from 106 to 123
[1115/123020.769:WARNING:used_ids.h(55)] Duplicate id found. Reassigning from 103 to 122
[1115/123020.769:WARNING:used_ids.h(55)] Duplicate id found. Reassigning from 105 to 121
[1115/123020.769:WARNING:used_ids.h(55)] Duplicate id found. Reassigning from 109 to 120
[1115/123020.769:WARNING:used_ids.h(55)] Duplicate id found. Reassigning from 1 to 14
[1115/123020.769:WARNING:used_ids.h(55)] Duplicate id found. Reassigning from 3 to 13
[1115/123020.769:WARNING:used_ids.h(55)] Duplicate id found. Reassigning from 5 to 12
[1115/123020.769:WARNING:used_ids.h(55)] Duplicate id found. Reassigning from 6 to 11
[1115/123036.009:ERROR:audio_rtp_receiver.cc(89)] AudioRtpReceiver::OnSetVolume: No audio channel exists.
[1115/123036.009:WARNING:used_ids.h(55)] Duplicate id found. Reassigning from 104 to 127
[1115/123036.009:WARNING:used_ids.h(55)] Duplicate id found. Reassigning from 102 to 125
[1115/123036.009:WARNING:used_ids.h(55)] Duplicate id found. Reassigning from 104 to 124
[1115/123036.009:WARNING:used_ids.h(55)] Duplicate id found. Reassigning from 106 to 123
[1115/123036.009:WARNING:used_ids.h(55)] Duplicate id found. Reassigning from 103 to 122
[1115/123036.009:WARNING:used_ids.h(55)] Duplicate id found. Reassigning from 105 to 121
[1115/123036.009:WARNING:used_ids.h(55)] Duplicate id found. Reassigning from 109 to 120
[1115/123036.010:WARNING:used_ids.h(55)] Duplicate id found. Reassigning from 1 to 14
[1115/123036.010:WARNING:used_ids.h(55)] Duplicate id found. Reassigning from 3 to 13
[1115/123036.010:WARNING:used_ids.h(55)] Duplicate id found. Reassigning from 5 to 12
[1115/123036.010:WARNING:used_ids.h(55)] Duplicate id found. Reassigning from 6 to 11
[1115/123050.269:ERROR:audio_rtp_receiver.cc(89)] AudioRtpReceiver::OnSetVolume: No audio channel exists.
[1115/123050.270:WARNING:used_ids.h(55)] Duplicate id found. Reassigning from 104 to 127
[1115/123050.270:WARNING:used_ids.h(55)] Duplicate id found. Reassigning from 102 to 125
[1115/123050.270:WARNING:used_ids.h(55)] Duplicate id found. Reassigning from 104 to 124
[1115/123050.270:WARNING:used_ids.h(55)] Duplicate id found. Reassigning from 106 to 123
[1115/123050.270:WARNING:used_ids.h(55)] Duplicate id found. Reassigning from 103 to 122
[1115/123050.270:WARNING:used_ids.h(55)] Duplicate id found. Reassigning from 105 to 121
[1115/123050.270:WARNING:used_ids.h(55)] Duplicate id found. Reassigning from 109 to 120
[1115/123050.270:WARNING:used_ids.h(55)] Duplicate id found. Reassigning from 1 to 14
[1115/123050.270:WARNING:used_ids.h(55)] Duplicate id found. Reassigning from 3 to 13
[1115/123050.270:WARNING:used_ids.h(55)] Duplicate id found. Reassigning from 5 to 12
[1115/123050.270:WARNING:used_ids.h(55)] Duplicate id found. Reassigning from 6 to 11
[1115/123100.554:ERROR:batching_media_log.cc(38)] MediaEvent: {"error":"FFmpegDemuxer: no supported streams"}
[1115/123100.654:ERROR:batching_media_log.cc(35)] MediaEvent: {"pipeline_error":14}
[1115/123100.704:ERROR:batching_media_log.cc(38)] MediaEvent: {"error":"FFmpegDemuxer: no supported streams"}
[1115/123100.704:ERROR:batching_media_log.cc(35)] MediaEvent: {"pipeline_error":14}
